[debug] [2023-04-26T17:54:52.470Z] ----------------------------------------------------------------------
[debug] [2023-04-26T17:54:52.472Z] Command:       C:\Program Files\nodejs\node.exe C:\Users\ragha\AppData\Roaming\npm\node_modules\firebase-tools\lib\bin\firebase.js init
[debug] [2023-04-26T17:54:52.472Z] CLI Version:   11.29.0
[debug] [2023-04-26T17:54:52.472Z] Platform:      win32
[debug] [2023-04-26T17:54:52.472Z] Node Version:  v14.20.0
[debug] [2023-04-26T17:54:52.473Z] Time:          Wed Apr 26 2023 23:24:52 GMT+0530 (India Standard Time)
[debug] [2023-04-26T17:54:52.473Z] ----------------------------------------------------------------------
[debug] 
[debug] [2023-04-26T17:54:52.532Z] > command requires scopes: ["email","openid","https://www.googleapis.com/auth/cloudplatformprojects.readonly","https://www.googleapis.com/auth/firebase","https://www.googleapis.com/auth/cloud-platform"]
[debug] [2023-04-26T17:54:52.532Z] > authorizing via signed-in user (raghavgoel2701@gmail.com)
[info] 
     ######## #### ########  ######## ########     ###     ######  ########
     ##        ##  ##     ## ##       ##     ##  ##   ##  ##       ##
     ######    ##  ########  ######   ########  #########  ######  ######
     ##        ##  ##    ##  ##       ##     ## ##     ##       ## ##
     ##       #### ##     ## ######## ########  ##     ##  ######  ########

You're about to initialize a Firebase project in this directory:

  C:\Users\ragha\OneDrive\Documents\CS Guy\Angular\Vicky Blog\Blog-Book

Before we get started, keep in mind:

  * You are initializing within an existing Firebase project directory

[info] 
=== Project Setup
[info] 
[info] First, let's associate this project directory with a Firebase project.
[info] You can create multiple project aliases by running firebase use --add, 
[info] but for now we'll just set up a default project.
[info] 
[debug] [2023-04-26T17:55:09.802Z] Using project from CLI flag: vicky-blog
[debug] [2023-04-26T17:55:09.805Z] >>> [apiv2][query] GET https://firebase.googleapis.com/v1beta1/projects/vicky-blog [none]
[debug] [2023-04-26T17:55:10.585Z] <<< [apiv2][status] GET https://firebase.googleapis.com/v1beta1/projects/vicky-blog 200
[debug] [2023-04-26T17:55:10.585Z] <<< [apiv2][body] GET https://firebase.googleapis.com/v1beta1/projects/vicky-blog {"projectId":"vicky-blog","projectNumber":"931970385912","displayName":"Vicky's Blog","name":"projects/vicky-blog","resources":{"hostingSite":"vicky-blog","realtimeDatabaseInstance":"vicky-blog-default-rtdb","storageBucket":"vicky-blog.appspot.com","locationId":"asia-south1"},"state":"ACTIVE","etag":"1_45a4f58f-12cc-4351-abc2-4d7e4b2961bd"}
[info] i  Using project vicky-blog (Vicky's Blog) 
[info] 
=== Database Setup
[info] i  database: ensuring required API firebasedatabase.googleapis.com is enabled... 
[debug] [2023-04-26T17:55:10.601Z] >>> [apiv2][query] GET https://serviceusage.googleapis.com/v1/projects/vicky-blog/services/firebasedatabase.googleapis.com [none]
[debug] [2023-04-26T17:55:10.601Z] >>> [apiv2][(partial)header] GET https://serviceusage.googleapis.com/v1/projects/vicky-blog/services/firebasedatabase.googleapis.com x-goog-quota-user=projects/vicky-blog
[debug] [2023-04-26T17:55:12.786Z] <<< [apiv2][status] GET https://serviceusage.googleapis.com/v1/projects/vicky-blog/services/firebasedatabase.googleapis.com 200
[debug] [2023-04-26T17:55:12.786Z] <<< [apiv2][body] GET https://serviceusage.googleapis.com/v1/projects/vicky-blog/services/firebasedatabase.googleapis.com [omitted]
[info] +  database: required API firebasedatabase.googleapis.com is enabled 
[info] 
[debug] [2023-04-26T17:55:12.788Z] >>> [apiv2][query] GET https://firebasedatabase.googleapis.com/v1beta/projects/vicky-blog/locations/-/instances/vicky-blog-default-rtdb [none]
[debug] [2023-04-26T17:55:13.588Z] <<< [apiv2][status] GET https://firebasedatabase.googleapis.com/v1beta/projects/vicky-blog/locations/-/instances/vicky-blog-default-rtdb 200
[debug] [2023-04-26T17:55:13.589Z] <<< [apiv2][body] GET https://firebasedatabase.googleapis.com/v1beta/projects/vicky-blog/locations/-/instances/vicky-blog-default-rtdb {"name":"projects/931970385912/locations/asia-southeast1/instances/vicky-blog-default-rtdb","project":"projects/931970385912","databaseUrl":"https://vicky-blog-default-rtdb.asia-southeast1.firebasedatabase.app","type":"DEFAULT_DATABASE","state":"ACTIVE"}
[info] 
[info] Firebase Realtime Database Security Rules allow you to define how your data should be
[info] structured and when your data can be read from and written to.
[info] 
[debug] [2023-04-26T17:55:16.811Z] >>> [apiv2][query] GET https://vicky-blog-default-rtdb.asia-southeast1.firebasedatabase.app/.settings/rules.json [none]
[debug] [2023-04-26T17:55:17.079Z] <<< [apiv2][status] GET https://vicky-blog-default-rtdb.asia-southeast1.firebasedatabase.app/.settings/rules.json 200
[debug] [2023-04-26T17:55:17.080Z] <<< [apiv2][body] GET https://vicky-blog-default-rtdb.asia-southeast1.firebasedatabase.app/.settings/rules.json [stream]
[info] +  Database Rules for vicky-blog-default-rtdb have been written to database.rules.json. 
[info] Future modifications to database.rules.json will update Realtime Database Security Rules when you run
[info] firebase deploy.
[info] 
=== Hosting Setup
[info] 
[info] Your public directory is the folder (relative to your project directory) that
[info] will contain Hosting assets to be uploaded with firebase deploy. If you
[info] have a build process for your assets, use your build's output directory.
[info] 
[debug] [2023-04-26T17:55:24.531Z] >>> [apiv2][query] GET https://www.gstatic.com/firebasejs/releases.json [none]
[debug] [2023-04-26T17:55:24.742Z] <<< [apiv2][status] GET https://www.gstatic.com/firebasejs/releases.json 200
[debug] [2023-04-26T17:55:24.742Z] <<< [apiv2][body] GET https://www.gstatic.com/firebasejs/releases.json {"current":{"version":"9.20.0","browserURL":"https://www.gstatic.com/firebasejs/9.20.0/firebase.js","packageURL":"https://www.gstatic.com/firebasejs/9.20.0/firebase.tgz"},"live":{"version":"9.20","browserURL":"https://www.gstatic.com/firebasejs/live/9.20/firebase.js","packageURL":"https://www.gstatic.com/firebasejs/live/9.20/firebase.tgz"},"components":{"analytics":"https://www.gstatic.com/firebasejs/9.20.0/firebase-analytics.js","app":"https://www.gstatic.com/firebasejs/9.20.0/firebase-app.js","app-check":"https://www.gstatic.com/firebasejs/9.20.0/firebase-app-check.js","auth":"https://www.gstatic.com/firebasejs/9.20.0/firebase-auth.js","auth/cordova":"https://www.gstatic.com/firebasejs/9.20.0/firebase-auth/cordova.js","auth/react-native":"https://www.gstatic.com/firebasejs/9.20.0/firebase-auth/react-native.js","functions":"https://www.gstatic.com/firebasejs/9.20.0/firebase-functions.js","firestore":"https://www.gstatic.com/firebasejs/9.20.0/firebase-firestore.js","firestore/lite":"https://www.gstatic.com/firebasejs/9.20.0/firebase-firestore/lite.js","installations":"https://www.gstatic.com/firebasejs/9.20.0/firebase-installations.js","storage":"https://www.gstatic.com/firebasejs/9.20.0/firebase-storage.js","performance":"https://www.gstatic.com/firebasejs/9.20.0/firebase-performance.js","remote-config":"https://www.gstatic.com/firebasejs/9.20.0/firebase-remote-config.js","messaging":"https://www.gstatic.com/firebasejs/9.20.0/firebase-messaging.js","messaging/sw":"https://www.gstatic.com/firebasejs/9.20.0/firebase-messaging/sw.js","database":"https://www.gstatic.com/firebasejs/9.20.0/firebase-database.js","firestore.memory":"https://www.gstatic.com/firebasejs/9.20.0/firebase-firestore.memory.js"}}
[info] +  Wrote public/index.html 
[info] 
[info] i  Detected a .git folder at C:\Users\ragha\OneDrive\Documents\CS Guy\Angular\Vicky Blog\Blog-Book 
[info] i  Authorizing with GitHub to upload your service account to a GitHub repository's secrets store. 
[info] 
[info] Visit this URL on this device to log in:
[info] https://github.com/login/oauth/authorize?client_id=89cf50f02ac6aaed3484&state=568416787&redirect_uri=http%3A%2F%2Flocalhost%3A9005&scope=read%3Auser%20repo%20public_repo
[info] 
[info] Waiting for authentication...
[debug] [2023-04-26T17:55:36.632Z] >>> [apiv2][query] POST https://github.com/login/oauth/access_token [none]
[debug] [2023-04-26T17:55:36.633Z] >>> [apiv2][body] POST https://github.com/login/oauth/access_token [stream]
[debug] [2023-04-26T17:55:37.116Z] <<< [apiv2][status] POST https://github.com/login/oauth/access_token 200
[debug] [2023-04-26T17:55:37.117Z] <<< [apiv2][body] POST https://github.com/login/oauth/access_token {"access_token":"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","token_type":"bearer","scope":"read:user,repo"}
[debug] [2023-04-26T17:55:37.138Z] >>> [apiv2][query] GET https://api.github.com/user [none]
[debug] [2023-04-26T17:55:37.548Z] <<< [apiv2][status] GET https://api.github.com/user 200
[debug] [2023-04-26T17:55:37.549Z] <<< [apiv2][body] GET https://api.github.com/user {"login":"raggzy271","id":70934347,"node_id":"MDQ6VXNlcjcwOTM0MzQ3","avatar_url":"https://avatars.githubusercontent.com/u/70934347?v=4","gravatar_id":"","url":"https://api.github.com/users/raggzy271","html_url":"https://github.com/raggzy271","followers_url":"https://api.github.com/users/raggzy271/followers","following_url":"https://api.github.com/users/raggzy271/following{/other_user}","gists_url":"https://api.github.com/users/raggzy271/gists{/gist_id}","starred_url":"https://api.github.com/users/raggzy271/starred{/owner}{/repo}","subscriptions_url":"https://api.github.com/users/raggzy271/subscriptions","organizations_url":"https://api.github.com/users/raggzy271/orgs","repos_url":"https://api.github.com/users/raggzy271/repos","events_url":"https://api.github.com/users/raggzy271/events{/privacy}","received_events_url":"https://api.github.com/users/raggzy271/received_events","type":"User","site_admin":false,"name":"Raghav","company":null,"blog":"","location":"Mussoorie, Uttarakhand","email":null,"hireable":true,"bio":null,"twitter_username":null,"public_repos":18,"public_gists":0,"followers":5,"following":6,"created_at":"2020-09-08T05:18:29Z","updated_at":"2023-04-26T17:04:17Z","private_gists":0,"total_private_repos":3,"owned_private_repos":3,"disk_usage":177503,"collaborators":1,"two_factor_authentication":false,"plan":{"name":"free","space":976562499,"collaborators":0,"private_repos":10000}}
[info] 
[info] +  Success! Logged into GitHub as raggzy271 
[info] 
